{"content": {"suites": {"0": {"status": {"total_pass": 0, "total_skip": 0, "total_xpass": 0, "total_xfail": 0, "total_rerun": 0, "total_fail": 2, "total_error": 0}, "tests": {"0": {"status": "FAIL", "message": "   selenium.common.exceptions.NoSuchElementException: Message: no such element: Unable to locate element: {\"method\":\"css selector\",\"selector\":\"[name=\"Submit1\"]\"}\n     (Session info: chrome=91.0.4472.77)\n", "test_name": "test_list_valid_user[Admin-admin1230]", "rerun": "0"}, "1": {"status": "FAIL", "message": "   selenium.common.exceptions.NoSuchElementException: Message: no such element: Unable to locate element: {\"method\":\"css selector\",\"selector\":\"[name=\"Submit1\"]\"}\n     (Session info: chrome=91.0.4472.77)\n", "test_name": "test_list_valid_user[Admin-admin1231]", "rerun": "0"}}, "suite_name": "OrangeHRM_Login_Test.py"}}}, "date": "May 30, 2021", "start_time": 1622377447.8519862, "total_suite": 1, "status": "FAIL", "status_list": {"pass": "0", "fail": "2", "skip": "0", "error": "0", "xpass": "0", "xfail": "0", "rerun": "0"}, "total_tests": "2"}