<!DOCTYPE html>
<html>
<head>
    <title>Unit Test Report</title>
    <meta name="generator" content="HTMLTestRunner 1.0.15"/>
    <meta http-equiv="Content-Type" content="text/html; charset=UTF-8"/>
    <link rel="stylesheet" href="stylesheet.css">
    <script src="script.js"></script>
</head>
<body>
<div class='heading'>
    <h1 style="margin-left:1ex;">Unit Test Report</h1>
    
    <p class='attribute'><strong>Start Time : </strong> 2021-04-14 21:37:43</p>
    
    <p class='attribute'><strong>Duration : </strong> 0:00:09.031598</p>
    
    <p class='attribute'><strong>Status : </strong> Pass 1 Error 2</p>
    
    <p class='attribute'><strong>Descrition : </strong> Test report generation using HTMLTestRunner-rv</p>
    
</div>
<div>
    <p id='show_detail_line'><b>Show</b>
        <button><a href='javascript:showCase(0)' style="color:#660066;">Summary</a></button>
        <button><a href='javascript:showCase(1)' style="color:#660066;">Failed</a></button>
        <button><a href='javascript:showCase(2)' style="color:#660066;">All</a></button>
    </p>
    <table id='result_table'>
        <colgroup>
            <col align='left'/>
            <col align='right'/>
            <col align='right'/>
            <col align='right'/>
            <col align='right'/>
            <col align='right'/>
        </colgroup>
        <tr id='header_row'>
            <td>Test Group/Test case</td>
            <td>Count</td>
            <td>Pass</td>
            <td>Fail</td>
            <td>Error</td>
            <td>View</td>
        </tr>
        
        <tr class='errorClass' style="font-weight:bold;color:white;">
            <td><a href="javascript:showClassDetail('c1','2')">TestScripts.UnitTest_Setup_TearDown_MultipleTest.OrangeHRM_Login_Logout</a></td>
            <td>2</td>
            <td>1</td>
            <td>0</td>
            <td>1</td>
            <td>
                <button><a href="javascript:showClassDetail('c1','2')"
                           style="color:#660066;">Detail</a></button>
            </td>
        </tr>
        
        <tr id="ft1.2" class='none'>
            <td class='errorCase'>
                <div class='testcase'>
                    <a class="popup_link" onfocus='this.blur();'
                       href="javascript:showTestDetail('div_ft1.2')">test_logout_from_orangeHRM</a>
                </div>
            </td>
            <td colspan='5' align='center'>
                <div>
                    <!--css div popup start-->
                    <button>
                        <a class="popup_link" onfocus='this.blur();'
                           href="javascript:showTestDetail('div_ft1.2')" style="color:#660066;">
                            ERROR
                        </a></button>
                    <div id='div_ft1.2' class="popup_window">
                        <div style='text-align: right; color:red;cursor:pointer'>
                            <a onfocus='this.blur();'
                               onclick="document.getElementById('div_ft1.2').style.display = 'none'; "
                               style="color:red;">
                                [x]</a>
                        </div>
                        <pre></pre>
                        <pre style="color: red;">Traceback (most recent call last):
  File "C:\Users\adixit\PycharmProjects\Selenium_Demo\TestScripts\UnitTest_Setup_TearDown_MultipleTest.py", line 27, in test_logout_from_orangeHRM
    self.driver.find_element(By.ID, 'welcome').click()
  File "C:\Users\adixit\PycharmProjects\Selenium_Demo\venv\lib\site-packages\selenium\webdriver\remote\webdriver.py", line 976, in find_element
    return self.execute(Command.FIND_ELEMENT, {
  File "C:\Users\adixit\PycharmProjects\Selenium_Demo\venv\lib\site-packages\selenium\webdriver\remote\webdriver.py", line 321, in execute
    self.error_handler.check_response(response)
  File "C:\Users\adixit\PycharmProjects\Selenium_Demo\venv\lib\site-packages\selenium\webdriver\remote\errorhandler.py", line 242, in check_response
    raise exception_class(message, screen, stacktrace)
selenium.common.exceptions.NoSuchElementException: Message: no such element: Unable to locate element: {"method":"css selector","selector":"[id="welcome"]"}
  (Session info: chrome=89.0.4389.114)

</pre>
                    </div>
                    <!--css div popup end-->
                </div>
            </td>
        </tr>
        
        
        <tr class='errorClass' style="font-weight:bold;color:white;">
            <td><a href="javascript:showClassDetail('c2','1')">TestScripts.UnitTest_Setup_TearDown.SearchText</a></td>
            <td>1</td>
            <td>0</td>
            <td>0</td>
            <td>1</td>
            <td>
                <button><a href="javascript:showClassDetail('c2','1')"
                           style="color:#660066;">Detail</a></button>
            </td>
        </tr>
        
        <tr id="ft2.1" class='none'>
            <td class='errorCase'>
                <div class='testcase'>
                    <a class="popup_link" onfocus='this.blur();'
                       href="javascript:showTestDetail('div_ft2.1')">test_search_by_text</a>
                </div>
            </td>
            <td colspan='5' align='center'>
                <div>
                    <!--css div popup start-->
                    <button>
                        <a class="popup_link" onfocus='this.blur();'
                           href="javascript:showTestDetail('div_ft2.1')" style="color:#660066;">
                            ERROR
                        </a></button>
                    <div id='div_ft2.1' class="popup_window">
                        <div style='text-align: right; color:red;cursor:pointer'>
                            <a onfocus='this.blur();'
                               onclick="document.getElementById('div_ft2.1').style.display = 'none'; "
                               style="color:red;">
                                [x]</a>
                        </div>
                        <pre></pre>
                        <pre style="color: red;">Traceback (most recent call last):
  File "C:\Users\adixit\PycharmProjects\Selenium_Demo\TestScripts\UnitTest_Setup_TearDown.py", line 9, in setUp
    self.driver = webdriver.Chrome(ChromeDriverManager().install())
  File "C:\Users\adixit\PycharmProjects\Selenium_Demo\venv\lib\site-packages\webdriver_manager\chrome.py", line 24, in install
    driver_path = self.download_driver(self.driver)
  File "C:\Users\adixit\PycharmProjects\Selenium_Demo\venv\lib\site-packages\webdriver_manager\manager.py", line 34, in download_driver
    cached_path = self.driver_cache.find_file_if_exists(driver.get_name(), driver.get_os_type(),
  File "C:\Users\adixit\PycharmProjects\Selenium_Demo\venv\lib\site-packages\webdriver_manager\driver_cache.py", line 51, in find_file_if_exists
    return self.__find_file(paths, name, version, os_type)
  File "C:\Users\adixit\PycharmProjects\Selenium_Demo\venv\lib\site-packages\webdriver_manager\driver_cache.py", line 32, in __find_file
    console("\nLooking for [{} {} {}] driver in cache ".format(name, version, os_type))
  File "C:\Users\adixit\PycharmProjects\Selenium_Demo\venv\lib\site-packages\webdriver_manager\utils.py", line 81, in console
    print(crayons.yellow(text, bold=bold))
TypeError: __str__ returned non-string (type function)
</pre>
                    </div>
                    <!--css div popup end-->
                </div>
            </td>
        </tr>
        
        

        <tr id='total_row'>
            <td>Total</td>
            <td>3</td>
            <td>1</td>
            <td>0</td>
            <td>2</td>
            <td>&nbsp;</td>
        </tr>
    </table>
</div>
<br><br>
<div id='ending'><b>Time Elapsed: </b>0:00:09.031598</div>
</body>
</html>